<?xml version="1.0" encoding="UTF-8"?>
<!-- Generated by org.testng.reporters.JUnitReportReporter -->
<testsuite hostname="DESKTOP-E28OAG4" failures="0" tests="8" name="com.fta.javaasmt.question2.BalancedParanthesisTest" time="0.082" errors="0" timestamp="28 May 2020 13:31:33 GMT" skipped="0">
  <testcase classname="com.fta.javaasmt.question2.BalancedParanthesisTest" name="allTests" time="0.002"/>
  <testcase classname="com.fta.javaasmt.question2.BalancedParanthesisTest" name="allTests" time="0.001"/>
  <testcase classname="com.fta.javaasmt.question2.BalancedParanthesisTest" name="allTests" time="0.073"/>
  <testcase classname="com.fta.javaasmt.question2.BalancedParanthesisTest" name="allTests" time="0.002"/>
  <testcase classname="com.fta.javaasmt.question2.BalancedParanthesisTest" name="allTests" time="0.001"/>
  <testcase classname="com.fta.javaasmt.question2.BalancedParanthesisTest" name="allTests" time="0.001"/>
  <testcase classname="com.fta.javaasmt.question2.BalancedParanthesisTest" name="allTests" time="0.001"/>
  <testcase classname="com.fta.javaasmt.question2.BalancedParanthesisTest" name="allTests" time="0.001"/>
</testsuite> <!-- com.fta.javaasmt.question2.BalancedParanthesisTest -->
